<?xml version="1.0" encoding="UTF-8"?>
<!-- Generated by org.testng.reporters.JUnitReportReporter -->
<testsuite hostname="LAPTOP-APTMKQJM" failures="0" tests="1" name="tests.TestCase_01" time="4.426" errors="0" timestamp="2021-12-15T00:36:10 IST" skipped="0">
  <testcase classname="tests.TestCase_01" name="CheckUserIsAbleToLogin" time="4.426"/>
</testsuite> <!-- tests.TestCase_01 -->
